<?xml version="1.0" encoding="UTF-8"?>
<Site BuildName="(empty)"
	BuildStamp="20230831-0602-Experimental"
	Name="Kim"
	Generator="ctest-3.10.2"
	CompilerName="/usr/bin/aarch64-linux-gnu-g++"
	CompilerVersion="7.5.0"
	OSName="Linux"
	Hostname="Kim"
	OSRelease="4.15.0-20-generic"
	OSVersion="#21-Ubuntu SMP Tue Apr 24 06:16:20 UTC 2018"
	OSPlatform="aarch64"
	Is64Bits="1"
	VendorString=""
	VendorID="Unknown Manufacturer"
	FamilyID="8"
	ModelID="0"
	ProcessorCacheSize="0"
	NumberOfLogicalCPU="4"
	NumberOfPhysicalCPU="1"
	TotalVirtualMemory="979"
	TotalPhysicalMemory="7974"
	LogicalProcessorsPerPhysical="4"
	ProcessorClockFrequency="0"
	>
	<Testing>
		<StartDateTime>Aug 31 15:02 KST</StartDateTime>
		<StartTestTime>1693461723</StartTestTime>
		<TestList/>
		<EndDateTime>Aug 31 15:02 KST</EndDateTime>
		<EndTestTime>1693461723</EndTestTime>
		<ElapsedMinutes>0</ElapsedMinutes>
	</Testing>
</Site>
